<?xml version="1.0" encoding="UTF-8"?>
<!-- Generated by org.testng.reporters.JUnitReportReporter -->
<testsuite hostname="RAGHU-LAPTOP999" failures="0" tests="5" name="com.testNg.BaseTest" time="27.756" errors="0" timestamp="28 Oct 2022 03:21:24 GMT" skipped="0">
  <testcase classname="com.testNg.BaseTest" name="firstTest" time="1.615"/>
  <testcase classname="com.testNg.BaseTest" name="goToHackerrank" time="6.433"/>
  <testcase classname="com.testNg.BaseTest" name="clickOnHackerrank" time="4.981"/>
  <testcase classname="com.testNg.BaseTest" name="Login" time="9.089"/>
  <testcase classname="com.testNg.BaseTest" name="enterPassword" time="5.638"/>
</testsuite> <!-- com.testNg.BaseTest -->
